2026/04/27 02:43:40 ✅ Supabase REST API client initialized successfully
[GIN-debug] [WARNING] Running in "debug" mode. Switch to "release" mode in production.
 - using env:	export GIN_MODE=release
 - using code:	gin.SetMode(gin.ReleaseMode)

[GIN-debug] GET    /swagger/*any             --> github.com/swaggo/gin-swagger.CustomWrapHandler.func1 (5 handlers)
[GIN-debug] GET    /api/test                 --> main.main.func1 (5 handlers)
[GIN-debug] POST   /api/auth/register        --> dreamscape-backend/internal/handlers/auth.(*AuthHandler).Register-fm (5 handlers)
[GIN-debug] POST   /api/auth/login           --> dreamscape-backend/internal/handlers/auth.(*AuthHandler).Login-fm (5 handlers)
[GIN-debug] POST   /api/auth/refresh         --> dreamscape-backend/internal/handlers/auth.(*AuthHandler).RefreshToken-fm (5 handlers)
[GIN-debug] POST   /api/auth/logout          --> dreamscape-backend/internal/handlers/auth.(*AuthHandler).Logout-fm (5 handlers)
[GIN-debug] POST   /api/auth/forgot-password --> dreamscape-backend/internal/handlers/auth.(*AuthHandler).ForgotPassword-fm (5 handlers)
[GIN-debug] POST   /api/auth/reset-password  --> dreamscape-backend/internal/handlers/auth.(*AuthHandler).ResetPassword-fm (5 handlers)
[GIN-debug] GET    /api/auth/google/login    --> dreamscape-backend/internal/handlers/auth.(*OAuthHandler).GoogleLogin-fm (5 handlers)
[GIN-debug] GET    /api/auth/google/callback --> dreamscape-backend/internal/handlers/auth.(*OAuthHandler).GoogleCallback-fm (5 handlers)
[GIN-debug] GET    /api/auth/facebook/login  --> dreamscape-backend/internal/handlers/auth.(*OAuthHandler).FacebookLogin-fm (5 handlers)
[GIN-debug] GET    /api/auth/facebook/callback --> dreamscape-backend/internal/handlers/auth.(*OAuthHandler).FacebookCallback-fm (5 handlers)
[GIN-debug] GET    /api/auth/apple/login     --> dreamscape-backend/internal/handlers/auth.(*OAuthHandler).AppleLogin-fm (5 handlers)
[GIN-debug] POST   /api/auth/apple/callback  --> dreamscape-backend/internal/handlers/auth.(*OAuthHandler).AppleCallback-fm (5 handlers)
[GIN-debug] GET    /api/auth/me              --> dreamscape-backend/internal/handlers/auth.(*AuthHandler).GetMe-fm (6 handlers)
[GIN-debug] POST   /api/auth/change-password --> dreamscape-backend/internal/handlers/auth.(*AuthHandler).ChangePassword-fm (6 handlers)
[GIN-debug] GET    /api/portfolio-items      --> dreamscape-backend/internal/handlers/public.(*PortfolioHandler).GetPortfolioItems-fm (5 handlers)
[GIN-debug] GET    /api/portfolio-items/:id  --> dreamscape-backend/internal/handlers/public.(*PortfolioHandler).GetPortfolioItem-fm (5 handlers)
[GIN-debug] GET    /api/blog-posts           --> dreamscape-backend/internal/handlers/public.(*PortfolioHandler).GetPortfolioItems-fm (5 handlers)
[GIN-debug] GET    /api/blog-posts/:slug     --> dreamscape-backend/internal/handlers/public.(*PortfolioHandler).GetPortfolioItem-fm (5 handlers)
[GIN-debug] GET    /api/events               --> dreamscape-backend/internal/handlers/public.(*EventHandler).GetEvents-fm (5 handlers)
[GIN-debug] GET    /api/events/:id           --> dreamscape-backend/internal/handlers/public.(*EventHandler).GetEventByID-fm (5 handlers)
[GIN-debug] GET    /api/events/slug/:slug    --> dreamscape-backend/internal/handlers/public.(*EventHandler).GetEventBySlug-fm (5 handlers)
[GIN-debug] GET    /api/services             --> dreamscape-backend/internal/handlers/public.(*ServiceHandler).GetServices-fm (5 handlers)
[GIN-debug] GET    /api/services/:id         --> dreamscape-backend/internal/handlers/public.(*ServiceHandler).GetServiceByID-fm (5 handlers)
[GIN-debug] GET    /api/services/slug/:slug  --> dreamscape-backend/internal/handlers/public.(*ServiceHandler).GetServiceBySlug-fm (5 handlers)
[GIN-debug] GET    /api/health               --> dreamscape-backend/internal/handlers/public.(*UtilitiesHandler).HealthCheck-fm (5 handlers)
[GIN-debug] GET    /api/db/tables            --> dreamscape-backend/internal/handlers/public.(*UtilitiesHandler).GetDatabaseTables-fm (5 handlers)
[GIN-debug] GET    /api/db/stats             --> dreamscape-backend/internal/handlers/public.(*UtilitiesHandler).GetDatabaseStats-fm (5 handlers)
[GIN-debug] GET    /api/content              --> dreamscape-backend/internal/handlers/public.(*ContentHandler).GetSiteContent-fm (5 handlers)
[GIN-debug] GET    /api/content/key/:key     --> dreamscape-backend/internal/handlers/public.(*ContentHandler).GetContentByKey-fm (5 handlers)
[GIN-debug] GET    /api/settings             --> dreamscape-backend/internal/handlers/public.(*SettingsHandler).GetSiteSettings-fm (5 handlers)
[GIN-debug] GET    /api/admin/portfolio-items --> dreamscape-backend/internal/handlers/public.(*PortfolioHandler).GetPortfolioItems-fm (6 handlers)
[GIN-debug] POST   /api/admin/portfolio-items --> dreamscape-backend/internal/handlers/public.(*PortfolioHandler).CreatePortfolioItem-fm (6 handlers)
[GIN-debug] GET    /api/admin/portfolio-items/:id --> dreamscape-backend/internal/handlers/public.(*PortfolioHandler).GetPortfolioItem-fm (6 handlers)
[GIN-debug] PUT    /api/admin/portfolio-items/:id --> dreamscape-backend/internal/handlers/public.(*PortfolioHandler).UpdatePortfolioItem-fm (6 handlers)
[GIN-debug] DELETE /api/admin/portfolio-items/:id --> dreamscape-backend/internal/handlers/public.(*PortfolioHandler).DeletePortfolioItem-fm (6 handlers)
[GIN-debug] GET    /api/admin/blog-posts     --> dreamscape-backend/internal/handlers/public.(*PortfolioHandler).GetPortfolioItems-fm (6 handlers)
[GIN-debug] POST   /api/admin/blog-posts     --> dreamscape-backend/internal/handlers/public.(*PortfolioHandler).CreatePortfolioItem-fm (6 handlers)
[GIN-debug] GET    /api/admin/blog-posts/:id --> dreamscape-backend/internal/handlers/public.(*PortfolioHandler).GetPortfolioItem-fm (6 handlers)
[GIN-debug] PUT    /api/admin/blog-posts/:id --> dreamscape-backend/internal/handlers/public.(*PortfolioHandler).UpdatePortfolioItem-fm (6 handlers)
[GIN-debug] DELETE /api/admin/blog-posts/:id --> dreamscape-backend/internal/handlers/public.(*PortfolioHandler).DeletePortfolioItem-fm (6 handlers)
[GIN-debug] GET    /api/admin/events         --> dreamscape-backend/internal/handlers/public.(*EventHandler).GetEvents-fm (6 handlers)
[GIN-debug] POST   /api/admin/events         --> dreamscape-backend/internal/handlers/public.(*EventHandler).CreateEvent-fm (6 handlers)
[GIN-debug] GET    /api/admin/events/:id     --> dreamscape-backend/internal/handlers/public.(*EventHandler).GetEventByID-fm (6 handlers)
[GIN-debug] PUT    /api/admin/events/:id     --> dreamscape-backend/internal/handlers/public.(*EventHandler).UpdateEvent-fm (6 handlers)
[GIN-debug] DELETE /api/admin/events/:id     --> dreamscape-backend/internal/handlers/public.(*EventHandler).DeleteEvent-fm (6 handlers)
[GIN-debug] GET    /api/admin/services       --> dreamscape-backend/internal/handlers/public.(*ServiceHandler).GetServices-fm (6 handlers)
[GIN-debug] POST   /api/admin/services       --> dreamscape-backend/internal/handlers/public.(*ServiceHandler).CreateService-fm (6 handlers)
[GIN-debug] GET    /api/admin/services/:id   --> dreamscape-backend/internal/handlers/public.(*ServiceHandler).GetServiceByID-fm (6 handlers)
[GIN-debug] PUT    /api/admin/services/:id   --> dreamscape-backend/internal/handlers/public.(*ServiceHandler).UpdateService-fm (6 handlers)
[GIN-debug] DELETE /api/admin/services/:id   --> dreamscape-backend/internal/handlers/public.(*ServiceHandler).DeleteService-fm (6 handlers)
[GIN-debug] GET    /api/admin/bookings       --> dreamscape-backend/internal/handlers/public.(*CompleteBookingHandler).GetBookings-fm (6 handlers)
[GIN-debug] GET    /api/admin/bookings/:id   --> dreamscape-backend/internal/handlers/public.(*CompleteBookingHandler).GetBookingByID-fm (6 handlers)
[GIN-debug] PUT    /api/admin/bookings/:id   --> dreamscape-backend/internal/handlers/public.(*CompleteBookingHandler).UpdateBooking-fm (6 handlers)
[GIN-debug] DELETE /api/admin/bookings/:id   --> dreamscape-backend/internal/handlers/public.(*CompleteBookingHandler).DeleteBooking-fm (6 handlers)
[GIN-debug] PUT    /api/admin/bookings/:id/status --> dreamscape-backend/internal/handlers/public.(*CompleteBookingHandler).UpdateBookingStatus-fm (6 handlers)
[GIN-debug] GET    /api/admin/media-library  --> dreamscape-backend/internal/handlers/public.(*MediaStorageHandler).GetMediaLibrary-fm (6 handlers)
[GIN-debug] POST   /api/admin/media-library/upload --> dreamscape-backend/internal/handlers/public.(*MediaStorageHandler).UploadMedia-fm (6 handlers)
[GIN-debug] POST   /api/admin/media-library  --> dreamscape-backend/internal/handlers/public.(*MediaStorageHandler).CreateMedia-fm (6 handlers)
[GIN-debug] PUT    /api/admin/media-library/:id --> dreamscape-backend/internal/handlers/public.(*MediaStorageHandler).UpdateMedia-fm (6 handlers)
[GIN-debug] DELETE /api/admin/media-library/:id --> dreamscape-backend/internal/handlers/public.(*MediaStorageHandler).DeleteMedia-fm (6 handlers)
[GIN-debug] GET    /api/admin/users          --> dreamscape-backend/internal/handlers/auth.(*AuthHandler).GetUsers-fm (6 handlers)
[GIN-debug] GET    /api/admin/users/:id      --> dreamscape-backend/internal/handlers/auth.(*AuthHandler).GetUserByID-fm (6 handlers)
[GIN-debug] PUT    /api/admin/users/:id      --> dreamscape-backend/internal/handlers/auth.(*AuthHandler).UpdateUser-fm (6 handlers)
[GIN-debug] DELETE /api/admin/users/:id      --> dreamscape-backend/internal/handlers/auth.(*AuthHandler).DeleteUser-fm (6 handlers)
[GIN-debug] PUT    /api/admin/users/:id/status --> dreamscape-backend/internal/handlers/auth.(*AuthHandler).UpdateUserStatus-fm (6 handlers)
[GIN-debug] GET    /api/admin/db/tables      --> dreamscape-backend/internal/handlers/public.(*UtilitiesHandler).GetDatabaseTables-fm (6 handlers)
[GIN-debug] GET    /api/admin/db/stats       --> dreamscape-backend/internal/handlers/public.(*UtilitiesHandler).GetDatabaseStats-fm (6 handlers)
[GIN-debug] GET    /api/admin/health         --> dreamscape-backend/internal/handlers/public.(*UtilitiesHandler).HealthCheck-fm (6 handlers)
[GIN-debug] GET    /health                   --> main.main.func2 (5 handlers)
{"time":"2026-04-27T02:43:40.511033988+01:00","level":"INFO","msg":"Starting server","port":"8080","frontend_url":"http://localhost:3000","gin_mode":"debug"}
[GIN-debug] [WARNING] You trusted all proxies, this is NOT safe. We recommend you to set a value.
Please check https://github.com/gin-gonic/gin/blob/master/docs/doc.md#dont-trust-all-proxies for details.
[GIN-debug] Listening and serving HTTP on :8080
